<?xml version="1.0" encoding="UTF-8"?>
<!-- Generated by org.testng.reporters.JUnitXMLReporter -->
<testsuite hostname="DESKTOP-EISPNVU" ignored="0" name="Test" tests="5" failures="0" timestamp="11 May 2021 03:17:55 GMT" time="4.327" errors="0">
  <testcase name="test_GetallVedioGames" time="2.214" classname="TestCases.Tc_VediogameAPI"/>
  <testcase name="test_AddnewVedioGame" time="0.623" classname="TestCases.Tc_VediogameAPI"/>
  <testcase name="test_GetViedioGame" time="1.254" classname="TestCases.Tc_VediogameAPI"/>
  <testcase name="test_updateVedioGame" time="0.122" classname="TestCases.Tc_VediogameAPI"/>
  <testcase name="test_deleteVedioGame" time="0.044" classname="TestCases.Tc_VediogameAPI"/>
</testsuite> <!-- Test -->
